<?xml version="1.0" encoding="UTF-8"?>
<testng-results ignored="0" total="3" passed="3" failed="0" skipped="0">
  <reporter-output>
  </reporter-output>
  <suite started-at="2023-04-26T12:27:35 IST" name="Suite" finished-at="2023-04-26T12:29:06 IST" duration-ms="90887">
    <groups>
    </groups>
    <test started-at="2023-04-26T12:27:35 IST" name="Test" finished-at="2023-04-26T12:29:06 IST" duration-ms="90887">
      <class name="APIRequest.Chrome2">
        <test-method signature="yahoo()[pri:0, instance:APIRequest.Chrome2@6404f418]" started-at="2023-04-26T12:28:12 IST" name="yahoo" finished-at="2023-04-26T12:28:53 IST" duration-ms="40762" status="PASS">
          <reporter-output>
          </reporter-output>
        </test-method> <!-- yahoo -->
      </class> <!-- APIRequest.Chrome2 -->
      <class name="APIRequest.Chrome1">
        <test-method is-config="true" signature="startDocker()[pri:0, instance:APIRequest.Chrome1@3a44431a]" started-at="2023-04-26T12:27:35 IST" name="startDocker" finished-at="2023-04-26T12:28:12 IST" duration-ms="36906" status="PASS">
          <reporter-output>
          </reporter-output>
        </test-method> <!-- startDocker -->
        <test-method signature="google()[pri:0, instance:APIRequest.Chrome1@3a44431a]" started-at="2023-04-26T12:28:12 IST" name="google" finished-at="2023-04-26T12:28:42 IST" duration-ms="29472" status="PASS">
          <reporter-output>
          </reporter-output>
        </test-method> <!-- google -->
        <test-method is-config="true" signature="stopDocker()[pri:0, instance:APIRequest.Chrome1@3a44431a]" started-at="2023-04-26T12:28:53 IST" name="stopDocker" finished-at="2023-04-26T12:29:06 IST" duration-ms="13074" status="FAIL">
          <exception class="java.lang.AssertionError">
            <message>
              <![CDATA[File is not deleted expected [true] but found [false]]]>
            </message>
            <full-stacktrace>
              <![CDATA[java.lang.AssertionError: File is not deleted expected [true] but found [false]
at org.testng.Assert.fail(Assert.java:110)
at org.testng.Assert.failNotEquals(Assert.java:1413)
at org.testng.Assert.assertTrue(Assert.java:56)
at APIRequest.stopDocker.stopFile(stopDocker.java:50)
at APIRequest.Chrome1.stopDocker(Chrome1.java:52)
at java.base/jdk.internal.reflect.NativeMethodAccessorImpl.invoke0(Native Method)
at java.base/jdk.internal.reflect.NativeMethodAccessorImpl.invoke(NativeMethodAccessorImpl.java:62)
at java.base/jdk.internal.reflect.DelegatingMethodAccessorImpl.invoke(DelegatingMethodAccessorImpl.java:43)
at java.base/java.lang.reflect.Method.invoke(Method.java:566)
at org.testng.internal.invokers.MethodInvocationHelper.invokeMethod(MethodInvocationHelper.java:139)
at org.testng.internal.invokers.MethodInvocationHelper.invokeMethodConsideringTimeout(MethodInvocationHelper.java:69)
at org.testng.internal.invokers.ConfigInvoker.invokeConfigurationMethod(ConfigInvoker.java:361)
at org.testng.internal.invokers.ConfigInvoker.invokeConfigurations(ConfigInvoker.java:296)
at org.testng.TestRunner.invokeTestConfigurations(TestRunner.java:643)
at org.testng.TestRunner.afterRun(TestRunner.java:891)
at org.testng.TestRunner.run(TestRunner.java:604)
at org.testng.SuiteRunner.runTest(SuiteRunner.java:433)
at org.testng.SuiteRunner.runSequentially(SuiteRunner.java:427)
at org.testng.SuiteRunner.privateRun(SuiteRunner.java:387)
at org.testng.SuiteRunner.run(SuiteRunner.java:330)
at org.testng.SuiteRunnerWorker.runSuite(SuiteRunnerWorker.java:52)
at org.testng.SuiteRunnerWorker.run(SuiteRunnerWorker.java:95)
at org.testng.TestNG.runSuitesSequentially(TestNG.java:1256)
at org.testng.TestNG.runSuitesLocally(TestNG.java:1176)
at org.testng.TestNG.runSuites(TestNG.java:1099)
at org.testng.TestNG.run(TestNG.java:1067)
at org.apache.maven.surefire.testng.TestNGExecutor.run(TestNGExecutor.java:283)
at org.apache.maven.surefire.testng.TestNGXmlTestSuite.execute(TestNGXmlTestSuite.java:75)
at org.apache.maven.surefire.testng.TestNGProvider.invoke(TestNGProvider.java:120)
at org.apache.maven.surefire.booter.ForkedBooter.invokeProviderInSameClassLoader(ForkedBooter.java:384)
at org.apache.maven.surefire.booter.ForkedBooter.runSuitesInProcess(ForkedBooter.java:345)
at org.apache.maven.surefire.booter.ForkedBooter.execute(ForkedBooter.java:126)
at org.apache.maven.surefire.booter.ForkedBooter.main(ForkedBooter.java:418)
]]>
            </full-stacktrace>
          </exception> <!-- java.lang.AssertionError -->
          <reporter-output>
          </reporter-output>
        </test-method> <!-- stopDocker -->
      </class> <!-- APIRequest.Chrome1 -->
      <class name="APIRequest.Chrome3">
        <test-method signature="Gmail()[pri:0, instance:APIRequest.Chrome3@3e11f9e9]" started-at="2023-04-26T12:28:12 IST" name="Gmail" finished-at="2023-04-26T12:28:41 IST" duration-ms="28450" status="PASS">
          <reporter-output>
          </reporter-output>
        </test-method> <!-- Gmail -->
      </class> <!-- APIRequest.Chrome3 -->
    </test> <!-- Test -->
  </suite> <!-- Suite -->
</testng-results>
